This file contains any messages produced by compilers while
running configure, to aid debugging if configure makes a mistake.

It was created by expect configure 5.45, which was
generated by GNU Autoconf 2.59.  Invocation command line was

  $ ./configure --with-tcl=/usr/local/lib --with-tclinclude=../tcl8.4.19/generic

## --------- ##
## Platform. ##
## --------- ##

hostname = lenovo
uname -m = x86_64
uname -r = 4.18.0-15-generic
uname -s = Linux
uname -v = #16~18.04.1-Ubuntu SMP Thu Feb 7 14:06:04 UTC 2019

/usr/bin/uname -p = unknown
/bin/uname -X     = unknown

/bin/arch              = unknown
/usr/bin/arch -k       = unknown
/usr/convex/getsysinfo = unknown
hostinfo               = unknown
/bin/machine           = unknown
/usr/bin/oslevel       = unknown
/bin/universe          = unknown

PATH: /home/sherlock/.local/bin
PATH: /usr/local/sbin
PATH: /usr/local/bin
PATH: /usr/sbin
PATH: /usr/bin
PATH: /sbin
PATH: /bin
PATH: /usr/games
PATH: /usr/local/games
PATH: /snap/bin


## ----------- ##
## Core tests. ##
## ----------- ##

configure:1330: checking for correct TEA configuration
configure:1349: result: ok (TEA 3.9)
configure:1414: configuring expect 5.45
configure:1488: checking for Tcl configuration
configure:1615: result: found /usr/local/lib/tclConfig.sh
configure:1621: checking for existence of /usr/local/lib/tclConfig.sh
configure:1625: result: loading
configure:1751: --prefix defaulting to TCL_PREFIX /usr/local
configure:1763: --exec-prefix defaulting to TCL_EXEC_PREFIX /usr/local
configure:1837: checking for gcc
configure:1853: found /usr/bin/gcc
configure:1863: result: gcc
configure:2107: checking for C compiler version
configure:2110: gcc --version </dev/null >&5
gcc (Ubuntu 7.3.0-27ubuntu1~18.04) 7.3.0
Copyright (C) 2017 Free Software Foundation, Inc.
This is free software; see the source for copying conditions.  There is NO
warranty; not even for MERCHANTABILITY or FITNESS FOR A PARTICULAR PURPOSE.

configure:2113: $? = 0
configure:2115: gcc -v </dev/null >&5
Using built-in specs.
COLLECT_GCC=gcc
COLLECT_LTO_WRAPPER=/usr/lib/gcc/x86_64-linux-gnu/7/lto-wrapper
OFFLOAD_TARGET_NAMES=nvptx-none
OFFLOAD_TARGET_DEFAULT=1
Target: x86_64-linux-gnu
Configured with: ../src/configure -v --with-pkgversion='Ubuntu 7.3.0-27ubuntu1~18.04' --with-bugurl=file:///usr/share/doc/gcc-7/README.Bugs --enable-languages=c,ada,c++,go,brig,d,fortran,objc,obj-c++ --prefix=/usr --with-gcc-major-version-only --program-suffix=-7 --program-prefix=x86_64-linux-gnu- --enable-shared --enable-linker-build-id --libexecdir=/usr/lib --without-included-gettext --enable-threads=posix --libdir=/usr/lib --enable-nls --with-sysroot=/ --enable-clocale=gnu --enable-libstdcxx-debug --enable-libstdcxx-time=yes --with-default-libstdcxx-abi=new --enable-gnu-unique-object --disable-vtable-verify --enable-libmpx --enable-plugin --enable-default-pie --with-system-zlib --with-target-system-zlib --enable-objc-gc=auto --enable-multiarch --disable-werror --with-arch-32=i686 --with-abi=m64 --with-multilib-list=m32,m64,mx32 --enable-multilib --with-tune=generic --enable-offload-targets=nvptx-none --without-cuda-driver --enable-checking=release --build=x86_64-linux-gnu --host=x86_64-linux-gnu --target=x86_64-linux-gnu
Thread model: posix
gcc version 7.3.0 (Ubuntu 7.3.0-27ubuntu1~18.04) 
configure:2118: $? = 0
configure:2120: gcc -V </dev/null >&5
gcc: error: unrecognized command line option '-V'
gcc: fatal error: no input files
compilation terminated.
configure:2123: $? = 1
configure:2146: checking for C compiler default output file name
configure:2149: gcc    conftest.c  >&5
configure:2152: $? = 0
configure:2198: result: a.out
configure:2203: checking whether the C compiler works
configure:2209: ./a.out
configure:2212: $? = 0
configure:2229: result: yes
configure:2236: checking whether we are cross compiling
configure:2238: result: no
configure:2241: checking for suffix of executables
configure:2243: gcc -o conftest    conftest.c  >&5
configure:2246: $? = 0
configure:2271: result: 
configure:2277: checking for suffix of object files
configure:2298: gcc -c   conftest.c >&5
configure:2301: $? = 0
configure:2323: result: o
configure:2327: checking whether we are using the GNU C compiler
configure:2351: gcc -c   conftest.c >&5
configure:2357: $? = 0
configure:2361: test -z 
			 || test ! -s conftest.err
configure:2364: $? = 0
configure:2367: test -s conftest.o
configure:2370: $? = 0
configure:2383: result: yes
configure:2389: checking whether gcc accepts -g
configure:2410: gcc -c -g  conftest.c >&5
configure:2416: $? = 0
configure:2420: test -z 
			 || test ! -s conftest.err
configure:2423: $? = 0
configure:2426: test -s conftest.o
configure:2429: $? = 0
configure:2440: result: yes
configure:2457: checking for gcc option to accept ANSI C
configure:2527: gcc  -c   conftest.c >&5
configure:2533: $? = 0
configure:2537: test -z 
			 || test ! -s conftest.err
configure:2540: $? = 0
configure:2543: test -s conftest.o
configure:2546: $? = 0
configure:2564: result: none needed
configure:2582: gcc -c   conftest.c >&5
conftest.c:2:3: error: unknown type name 'choke'
   choke me
   ^~~~~
conftest.c:2:3: error: expected '=', ',', ';', 'asm' or '__attribute__' at end of input
configure:2588: $? = 1
configure: failed program was:
| #ifndef __cplusplus
|   choke me
| #endif
configure:2726: checking how to run the C preprocessor
configure:2761: gcc -E  conftest.c
configure:2767: $? = 0
configure:2799: gcc -E  conftest.c
conftest.c:10:10: fatal error: ac_nonexistent.h: No such file or directory
 #include <ac_nonexistent.h>
          ^~~~~~~~~~~~~~~~~~
compilation terminated.
configure:2805: $? = 1
configure: failed program was:
| /* confdefs.h.  */
| 
| #define PACKAGE_NAME "expect"
| #define PACKAGE_TARNAME "expect"
| #define PACKAGE_VERSION "5.45"
| #define PACKAGE_STRING "expect 5.45"
| #define PACKAGE_BUGREPORT ""
| #define BUILD_expect
| /* end confdefs.h.  */
| #include <ac_nonexistent.h>
configure:2844: result: gcc -E
configure:2868: gcc -E  conftest.c
configure:2874: $? = 0
configure:2906: gcc -E  conftest.c
conftest.c:10:10: fatal error: ac_nonexistent.h: No such file or directory
 #include <ac_nonexistent.h>
          ^~~~~~~~~~~~~~~~~~
compilation terminated.
configure:2912: $? = 1
configure: failed program was:
| /* confdefs.h.  */
| 
| #define PACKAGE_NAME "expect"
| #define PACKAGE_TARNAME "expect"
| #define PACKAGE_VERSION "5.45"
| #define PACKAGE_STRING "expect 5.45"
| #define PACKAGE_BUGREPORT ""
| #define BUILD_expect
| /* end confdefs.h.  */
| #include <ac_nonexistent.h>
configure:2969: checking for a BSD-compatible install
configure:3024: result: /usr/bin/install -c
configure:3040: checking whether make sets $(MAKE)
configure:3060: result: yes
configure:3115: checking for ranlib
configure:3131: found /usr/bin/ranlib
configure:3142: result: ranlib
configure:3164: checking for egrep
configure:3174: result: grep -E
configure:3179: checking for ANSI C header files
configure:3204: gcc -c   conftest.c >&5
configure:3210: $? = 0
configure:3214: test -z 
			 || test ! -s conftest.err
configure:3217: $? = 0
configure:3220: test -s conftest.o
configure:3223: $? = 0
configure:3312: gcc -o conftest    conftest.c  >&5
conftest.c: In function 'main':
conftest.c:27:7: warning: implicit declaration of function 'exit' [-Wimplicit-function-declaration]
       exit(2);
       ^~~~
conftest.c:27:7: warning: incompatible implicit declaration of built-in function 'exit'
conftest.c:27:7: note: include '<stdlib.h>' or provide a declaration of 'exit'
conftest.c:28:3: warning: incompatible implicit declaration of built-in function 'exit'
   exit (0);
   ^~~~
conftest.c:28:3: note: include '<stdlib.h>' or provide a declaration of 'exit'
configure:3315: $? = 0
configure:3317: ./conftest
configure:3320: $? = 0
configure:3335: result: yes
configure:3359: checking for sys/types.h
configure:3375: gcc -c   conftest.c >&5
configure:3381: $? = 0
configure:3385: test -z 
			 || test ! -s conftest.err
configure:3388: $? = 0
configure:3391: test -s conftest.o
configure:3394: $? = 0
configure:3405: result: yes
configure:3359: checking for sys/stat.h
configure:3375: gcc -c   conftest.c >&5
configure:3381: $? = 0
configure:3385: test -z 
			 || test ! -s conftest.err
configure:3388: $? = 0
configure:3391: test -s conftest.o
configure:3394: $? = 0
configure:3405: result: yes
configure:3359: checking for stdlib.h
configure:3375: gcc -c   conftest.c >&5
configure:3381: $? = 0
configure:3385: test -z 
			 || test ! -s conftest.err
configure:3388: $? = 0
configure:3391: test -s conftest.o
configure:3394: $? = 0
configure:3405: result: yes
configure:3359: checking for string.h
configure:3375: gcc -c   conftest.c >&5
configure:3381: $? = 0
configure:3385: test -z 
			 || test ! -s conftest.err
configure:3388: $? = 0
configure:3391: test -s conftest.o
configure:3394: $? = 0
configure:3405: result: yes
configure:3359: checking for memory.h
configure:3375: gcc -c   conftest.c >&5
configure:3381: $? = 0
configure:3385: test -z 
			 || test ! -s conftest.err
configure:3388: $? = 0
configure:3391: test -s conftest.o
configure:3394: $? = 0
configure:3405: result: yes
configure:3359: checking for strings.h
configure:3375: gcc -c   conftest.c >&5
configure:3381: $? = 0
configure:3385: test -z 
			 || test ! -s conftest.err
configure:3388: $? = 0
configure:3391: test -s conftest.o
configure:3394: $? = 0
configure:3405: result: yes
configure:3359: checking for inttypes.h
configure:3375: gcc -c   conftest.c >&5
configure:3381: $? = 0
configure:3385: test -z 
			 || test ! -s conftest.err
configure:3388: $? = 0
configure:3391: test -s conftest.o
configure:3394: $? = 0
configure:3405: result: yes
configure:3359: checking for stdint.h
configure:3375: gcc -c   conftest.c >&5
configure:3381: $? = 0
configure:3385: test -z 
			 || test ! -s conftest.err
configure:3388: $? = 0
configure:3391: test -s conftest.o
configure:3394: $? = 0
configure:3405: result: yes
configure:3359: checking for unistd.h
configure:3375: gcc -c   conftest.c >&5
configure:3381: $? = 0
configure:3385: test -z 
			 || test ! -s conftest.err
configure:3388: $? = 0
configure:3391: test -s conftest.o
configure:3394: $? = 0
configure:3405: result: yes
configure:3427: checking if the compiler understands -pipe
configure:3450: gcc -c  -pipe  conftest.c >&5
configure:3456: $? = 0
configure:3460: test -z 
			 || test ! -s conftest.err
configure:3463: $? = 0
configure:3466: test -s conftest.o
configure:3469: $? = 0
configure:3481: result: yes
configure:3492: checking whether byte ordering is bigendian
configure:3519: gcc -c  -pipe  conftest.c >&5
configure:3525: $? = 0
configure:3529: test -z 
			 || test ! -s conftest.err
configure:3532: $? = 0
configure:3535: test -s conftest.o
configure:3538: $? = 0
configure:3562: gcc -c  -pipe  conftest.c >&5
conftest.c: In function 'main':
conftest.c:27:2: error: unknown type name 'not'; did you mean 'ino_t'?
  not big endian
  ^~~
  ino_t
conftest.c:27:10: error: expected '=', ',', ';', 'asm' or '__attribute__' before 'endian'
  not big endian
          ^~~~~~
configure:3568: $? = 1
configure: failed program was:
| /* confdefs.h.  */
| 
| #define PACKAGE_NAME "expect"
| #define PACKAGE_TARNAME "expect"
| #define PACKAGE_VERSION "5.45"
| #define PACKAGE_STRING "expect 5.45"
| #define PACKAGE_BUGREPORT ""
| #define BUILD_expect
| #define STDC_HEADERS 1
| #define HAVE_SYS_TYPES_H 1
| #define HAVE_SYS_STAT_H 1
| #define HAVE_STDLIB_H 1
| #define HAVE_STRING_H 1
| #define HAVE_MEMORY_H 1
| #define HAVE_STRINGS_H 1
| #define HAVE_INTTYPES_H 1
| #define HAVE_STDINT_H 1
| #define HAVE_UNISTD_H 1
| /* end confdefs.h.  */
| #include <sys/types.h>
| #include <sys/param.h>
| 
| int
| main ()
| {
| #if BYTE_ORDER != BIG_ENDIAN
|  not big endian
| #endif
| 
|   ;
|   return 0;
| }
configure:3703: result: no
configure:3731: checking for sin
configure:3788: gcc -o conftest  -pipe   conftest.c  >&5
conftest.c:44:6: warning: conflicting types for built-in function 'sin' [-Wbuiltin-declaration-mismatch]
 char sin ();
      ^~~
/tmp/ccjOSu8x.o: In function `main':
conftest.c:(.text+0xe): undefined reference to `sin'
/tmp/ccjOSu8x.o:(.data.rel+0x0): undefined reference to `sin'
collect2: error: ld returned 1 exit status
configure:3794: $? = 1
configure: failed program was:
| /* confdefs.h.  */
| 
| #define PACKAGE_NAME "expect"
| #define PACKAGE_TARNAME "expect"
| #define PACKAGE_VERSION "5.45"
| #define PACKAGE_STRING "expect 5.45"
| #define PACKAGE_BUGREPORT ""
| #define BUILD_expect
| #define STDC_HEADERS 1
| #define HAVE_SYS_TYPES_H 1
| #define HAVE_SYS_STAT_H 1
| #define HAVE_STDLIB_H 1
| #define HAVE_STRING_H 1
| #define HAVE_MEMORY_H 1
| #define HAVE_STRINGS_H 1
| #define HAVE_INTTYPES_H 1
| #define HAVE_STDINT_H 1
| #define HAVE_UNISTD_H 1
| /* end confdefs.h.  */
| /* Define sin to an innocuous variant, in case <limits.h> declares sin.
|    For example, HP-UX 11i <limits.h> declares gettimeofday.  */
| #define sin innocuous_sin
| 
| /* System header to define __stub macros and hopefully few prototypes,
|     which can conflict with char sin (); below.
|     Prefer <limits.h> to <assert.h> if __STDC__ is defined, since
|     <limits.h> exists even on freestanding compilers.  */
| 
| #ifdef __STDC__
| # include <limits.h>
| #else
| # include <assert.h>
| #endif
| 
| #undef sin
| 
| /* Override any gcc2 internal prototype to avoid an error.  */
| #ifdef __cplusplus
| extern "C"
| {
| #endif
| /* We use char because int might match the return type of a gcc2
|    builtin and then its argument prototype would still apply.  */
| char sin ();
| /* The GNU C library defines this for functions which it implements
|     to always fail with ENOSYS.  Some functions are actually named
|     something starting with __ and the normal name is an alias.  */
| #if defined (__stub_sin) || defined (__stub___sin)
| choke me
| #else
| char (*f) () = sin;
| #endif
| #ifdef __cplusplus
| }
| #endif
| 
| int
| main ()
| {
| return f != sin;
|   ;
|   return 0;
| }
configure:3819: result: no
configure:3827: checking for main in -lieee
configure:3851: gcc -o conftest  -pipe   conftest.c -lieee   >&5
/usr/bin/ld: cannot find -lieee
collect2: error: ld returned 1 exit status
configure:3857: $? = 1
configure: failed program was:
| /* confdefs.h.  */
| 
| #define PACKAGE_NAME "expect"
| #define PACKAGE_TARNAME "expect"
| #define PACKAGE_VERSION "5.45"
| #define PACKAGE_STRING "expect 5.45"
| #define PACKAGE_BUGREPORT ""
| #define BUILD_expect
| #define STDC_HEADERS 1
| #define HAVE_SYS_TYPES_H 1
| #define HAVE_SYS_STAT_H 1
| #define HAVE_STDLIB_H 1
| #define HAVE_STRING_H 1
| #define HAVE_MEMORY_H 1
| #define HAVE_STRINGS_H 1
| #define HAVE_INTTYPES_H 1
| #define HAVE_STDINT_H 1
| #define HAVE_UNISTD_H 1
| /* end confdefs.h.  */
| 
| 
| int
| main ()
| {
| main ();
|   ;
|   return 0;
| }
configure:3883: result: no
configure:3895: checking for main in -linet
configure:3919: gcc -o conftest  -pipe   conftest.c -linet   >&5
/usr/bin/ld: cannot find -linet
collect2: error: ld returned 1 exit status
configure:3925: $? = 1
configure: failed program was:
| /* confdefs.h.  */
| 
| #define PACKAGE_NAME "expect"
| #define PACKAGE_TARNAME "expect"
| #define PACKAGE_VERSION "5.45"
| #define PACKAGE_STRING "expect 5.45"
| #define PACKAGE_BUGREPORT ""
| #define BUILD_expect
| #define STDC_HEADERS 1
| #define HAVE_SYS_TYPES_H 1
| #define HAVE_SYS_STAT_H 1
| #define HAVE_STDLIB_H 1
| #define HAVE_STRING_H 1
| #define HAVE_MEMORY_H 1
| #define HAVE_STRINGS_H 1
| #define HAVE_INTTYPES_H 1
| #define HAVE_STDINT_H 1
| #define HAVE_UNISTD_H 1
| /* end confdefs.h.  */
| 
| 
| int
| main ()
| {
| main ();
|   ;
|   return 0;
| }
configure:3951: result: no
configure:3967: checking net/errno.h usability
configure:3979: gcc -c  -pipe  conftest.c >&5
conftest.c:54:10: fatal error: net/errno.h: No such file or directory
 #include <net/errno.h>
          ^~~~~~~~~~~~~
compilation terminated.
configure:3985: $? = 1
configure: failed program was:
| /* confdefs.h.  */
| 
| #define PACKAGE_NAME "expect"
| #define PACKAGE_TARNAME "expect"
| #define PACKAGE_VERSION "5.45"
| #define PACKAGE_STRING "expect 5.45"
| #define PACKAGE_BUGREPORT ""
| #define BUILD_expect
| #define STDC_HEADERS 1
| #define HAVE_SYS_TYPES_H 1
| #define HAVE_SYS_STAT_H 1
| #define HAVE_STDLIB_H 1
| #define HAVE_STRING_H 1
| #define HAVE_MEMORY_H 1
| #define HAVE_STRINGS_H 1
| #define HAVE_INTTYPES_H 1
| #define HAVE_STDINT_H 1
| #define HAVE_UNISTD_H 1
| /* end confdefs.h.  */
| #include <stdio.h>
| #if HAVE_SYS_TYPES_H
| # include <sys/types.h>
| #endif
| #if HAVE_SYS_STAT_H
| # include <sys/stat.h>
| #endif
| #if STDC_HEADERS
| # include <stdlib.h>
| # include <stddef.h>
| #else
| # if HAVE_STDLIB_H
| #  include <stdlib.h>
| # endif
| #endif
| #if HAVE_STRING_H
| # if !STDC_HEADERS && HAVE_MEMORY_H
| #  include <memory.h>
| # endif
| # include <string.h>
| #endif
| #if HAVE_STRINGS_H
| # include <strings.h>
| #endif
| #if HAVE_INTTYPES_H
| # include <inttypes.h>
| #else
| # if HAVE_STDINT_H
| #  include <stdint.h>
| # endif
| #endif
| #if HAVE_UNISTD_H
| # include <unistd.h>
| #endif
| #include <net/errno.h>
configure:4008: result: no
configure:4012: checking net/errno.h presence
configure:4022: gcc -E  conftest.c
conftest.c:20:10: fatal error: net/errno.h: No such file or directory
 #include <net/errno.h>
          ^~~~~~~~~~~~~
compilation terminated.
configure:4028: $? = 1
configure: failed program was:
| /* confdefs.h.  */
| 
| #define PACKAGE_NAME "expect"
| #define PACKAGE_TARNAME "expect"
| #define PACKAGE_VERSION "5.45"
| #define PACKAGE_STRING "expect 5.45"
| #define PACKAGE_BUGREPORT ""
| #define BUILD_expect
| #define STDC_HEADERS 1
| #define HAVE_SYS_TYPES_H 1
| #define HAVE_SYS_STAT_H 1
| #define HAVE_STDLIB_H 1
| #define HAVE_STRING_H 1
| #define HAVE_MEMORY_H 1
| #define HAVE_STRINGS_H 1
| #define HAVE_INTTYPES_H 1
| #define HAVE_STDINT_H 1
| #define HAVE_UNISTD_H 1
| /* end confdefs.h.  */
| #include <net/errno.h>
configure:4048: result: no
configure:4083: checking for net/errno.h
configure:4090: result: no
configure:4124: checking for connect
configure:4181: gcc -o conftest  -pipe   conftest.c  >&5
configure:4187: $? = 0
configure:4191: test -z 
			 || test ! -s conftest.err
configure:4194: $? = 0
configure:4197: test -s conftest
configure:4200: $? = 0
configure:4212: result: yes
configure:4487: checking for gethostbyname
configure:4544: gcc -o conftest  -pipe   conftest.c  >&5
configure:4550: $? = 0
configure:4554: test -z 
			 || test ! -s conftest.err
configure:4557: $? = 0
configure:4560: test -s conftest
configure:4563: $? = 0
configure:4575: result: yes
configure:4659: checking dirent.h
configure:4700: gcc -o conftest  -pipe   conftest.c  >&5
configure:4706: $? = 0
configure:4710: test -z 
			 || test ! -s conftest.err
configure:4713: $? = 0
configure:4716: test -s conftest
configure:4719: $? = 0
configure:4731: result: yes
configure:4753: checking errno.h usability
configure:4765: gcc -c  -pipe  conftest.c >&5
configure:4771: $? = 0
configure:4775: test -z 
			 || test ! -s conftest.err
configure:4778: $? = 0
configure:4781: test -s conftest.o
configure:4784: $? = 0
configure:4794: result: yes
configure:4798: checking errno.h presence
configure:4808: gcc -E  conftest.c
configure:4814: $? = 0
configure:4834: result: yes
configure:4869: checking for errno.h
configure:4876: result: yes
configure:4901: checking float.h usability
configure:4913: gcc -c  -pipe  conftest.c >&5
configure:4919: $? = 0
configure:4923: test -z 
			 || test ! -s conftest.err
configure:4926: $? = 0
configure:4929: test -s conftest.o
configure:4932: $? = 0
configure:4942: result: yes
configure:4946: checking float.h presence
configure:4956: gcc -E  conftest.c
configure:4962: $? = 0
configure:4982: result: yes
configure:5017: checking for float.h
configure:5024: result: yes
configure:5049: checking values.h usability
configure:5061: gcc -c  -pipe  conftest.c >&5
configure:5067: $? = 0
configure:5071: test -z 
			 || test ! -s conftest.err
configure:5074: $? = 0
configure:5077: test -s conftest.o
configure:5080: $? = 0
configure:5090: result: yes
configure:5094: checking values.h presence
configure:5104: gcc -E  conftest.c
configure:5110: $? = 0
configure:5130: result: yes
configure:5165: checking for values.h
configure:5172: result: yes
configure:5197: checking limits.h usability
configure:5209: gcc -c  -pipe  conftest.c >&5
configure:5215: $? = 0
configure:5219: test -z 
			 || test ! -s conftest.err
configure:5222: $? = 0
configure:5225: test -s conftest.o
configure:5228: $? = 0
configure:5238: result: yes
configure:5242: checking limits.h presence
configure:5252: gcc -E  conftest.c
configure:5258: $? = 0
configure:5278: result: yes
configure:5313: checking for limits.h
configure:5320: result: yes
configure:5340: checking for stdlib.h
configure:5345: result: yes
configure:5542: checking for string.h
configure:5547: result: yes
configure:5741: checking sys/wait.h usability
configure:5753: gcc -c  -pipe  conftest.c >&5
configure:5759: $? = 0
configure:5763: test -z 
			 || test ! -s conftest.err
configure:5766: $? = 0
configure:5769: test -s conftest.o
configure:5772: $? = 0
configure:5782: result: yes
configure:5786: checking sys/wait.h presence
configure:5796: gcc -E  conftest.c
configure:5802: $? = 0
configure:5822: result: yes
configure:5857: checking for sys/wait.h
configure:5864: result: yes
configure:5889: checking dlfcn.h usability
configure:5901: gcc -c  -pipe  conftest.c >&5
configure:5907: $? = 0
configure:5911: test -z 
			 || test ! -s conftest.err
configure:5914: $? = 0
configure:5917: test -s conftest.o
configure:5920: $? = 0
configure:5930: result: yes
configure:5934: checking dlfcn.h presence
configure:5944: gcc -E  conftest.c
configure:5950: $? = 0
configure:5970: result: yes
configure:6005: checking for dlfcn.h
configure:6012: result: yes
configure:6043: checking sys/param.h usability
configure:6055: gcc -c  -pipe  conftest.c >&5
configure:6061: $? = 0
configure:6065: test -z 
			 || test ! -s conftest.err
configure:6068: $? = 0
configure:6071: test -s conftest.o
configure:6074: $? = 0
configure:6084: result: yes
configure:6088: checking sys/param.h presence
configure:6098: gcc -E  conftest.c
configure:6104: $? = 0
configure:6124: result: yes
configure:6159: checking for sys/param.h
configure:6166: result: yes
configure:6198: checking for Tcl public headers
configure:6218: error: ../tcl8.4.19/generic directory does not contain tcl.h

## ---------------- ##
## Cache variables. ##
## ---------------- ##

ac_cv_c_bigendian=no
ac_cv_c_compiler_gnu=yes
ac_cv_c_tclconfig=/usr/local/lib
ac_cv_env_CC_set=
ac_cv_env_CC_value=
ac_cv_env_CFLAGS_set=
ac_cv_env_CFLAGS_value=
ac_cv_env_CPPFLAGS_set=
ac_cv_env_CPPFLAGS_value=
ac_cv_env_CPP_set=
ac_cv_env_CPP_value=
ac_cv_env_LDFLAGS_set=
ac_cv_env_LDFLAGS_value=
ac_cv_env_build_alias_set=
ac_cv_env_build_alias_value=
ac_cv_env_host_alias_set=
ac_cv_env_host_alias_value=
ac_cv_env_target_alias_set=
ac_cv_env_target_alias_value=
ac_cv_exeext=
ac_cv_func_connect=yes
ac_cv_func_gethostbyname=yes
ac_cv_func_sin=no
ac_cv_header_dlfcn_h=yes
ac_cv_header_errno_h=yes
ac_cv_header_float_h=yes
ac_cv_header_inttypes_h=yes
ac_cv_header_limits_h=yes
ac_cv_header_memory_h=yes
ac_cv_header_net_errno_h=no
ac_cv_header_stdc=yes
ac_cv_header_stdint_h=yes
ac_cv_header_stdlib_h=yes
ac_cv_header_string_h=yes
ac_cv_header_strings_h=yes
ac_cv_header_sys_param_h=yes
ac_cv_header_sys_stat_h=yes
ac_cv_header_sys_types_h=yes
ac_cv_header_sys_wait_h=yes
ac_cv_header_unistd_h=yes
ac_cv_header_values_h=yes
ac_cv_lib_ieee_main=no
ac_cv_lib_inet_main=no
ac_cv_objext=o
ac_cv_path_install='/usr/bin/install -c'
ac_cv_prog_CPP='gcc -E'
ac_cv_prog_ac_ct_CC=gcc
ac_cv_prog_ac_ct_RANLIB=ranlib
ac_cv_prog_cc_g=yes
ac_cv_prog_cc_stdc=
ac_cv_prog_egrep='grep -E'
ac_cv_prog_make_make_set=yes
tcl_cv_cc_pipe=yes
tcl_cv_dirent_h=yes

## ----------------- ##
## Output variables. ##
## ----------------- ##

AR=''
CC='gcc'
CELIB_DIR=''
CFLAGS=' -pipe'
CFLAGS_DEBUG=''
CFLAGS_DEFAULT=''
CFLAGS_OPTIMIZE=''
CFLAGS_WARNING=''
CLEANFILES=''
CPP='gcc -E'
CPPFLAGS=''
CYGPATH='echo'
DEFAULT_STTY_ARGS=''
DEFS=''
ECHO_C=''
ECHO_N='-n'
ECHO_T=''
EGREP='grep -E'
EXEEXT=''
EXP_BUILD_LIB_SPEC=''
EXP_CC_SEARCH_FLAGS=''
INSTALL_DATA='${INSTALL} -m 644'
INSTALL_PROGRAM='${INSTALL}'
INSTALL_SCRIPT='${INSTALL}'
LDFLAGS=''
LDFLAGS_DEFAULT=''
LD_LIBRARY_PATH_VAR=''
LIBOBJS=''
LIBS=''
LTLIBOBJS=''
MAKE_LIB=''
MAKE_SHARED_LIB=''
MAKE_STATIC_LIB=''
MAKE_STUB_LIB=''
MATH_LIBS='-lm'
OBJEXT='o'
PACKAGE_BUGREPORT=''
PACKAGE_NAME='expect'
PACKAGE_STRING='expect 5.45'
PACKAGE_TARNAME='expect'
PACKAGE_VERSION='5.45'
PATH_SEPARATOR=':'
PKG_CFLAGS=''
PKG_HEADERS=''
PKG_INCLUDES=''
PKG_LIBS=''
PKG_LIB_FILE=''
PKG_OBJECTS=''
PKG_SOURCES=''
PKG_STUB_LIB_FILE=''
PKG_STUB_OBJECTS=''
PKG_STUB_SOURCES=''
PKG_TCL_SOURCES=''
RANLIB='ranlib'
RANLIB_STUB=''
SETPGRP_VOID=''
SETUID=''
SET_MAKE=''
SHARED_BUILD=''
SHELL='/bin/bash'
SHLIB_CFLAGS=''
SHLIB_LD=''
SHLIB_LD_LIBS=''
STLIB_LD=''
TCLSH_PROG=''
TCL_BIN_DIR='/usr/local/lib'
TCL_CC_SEARCH_FLAGS='-Wl,-rpath,${LIB_RUNTIME_DIR}'
TCL_DBGX=''
TCL_DEFS='-DHAVE_LIMITS_H=1 -DHAVE_UNISTD_H=1 -DHAVE_SYS_PARAM_H=1 -DPEEK_XCLOSEIM=1 -D_LARGEFILE64_SOURCE=1 -DTCL_WIDE_INT_IS_LONG=1 -DHAVE_GETCWD=1 -DHAVE_OPENDIR=1 -DHAVE_STRSTR=1 -DHAVE_STRTOL=1 -DHAVE_STRTOLL=1 -DHAVE_STRTOULL=1 -DHAVE_TMPNAM=1 -DHAVE_WAITPID=1 -DUSE_TERMIOS=1 -DHAVE_SYS_TIME_H=1 -DTIME_WITH_SYS_TIME=1 -DHAVE_TM_ZONE=1 -DHAVE_GMTIME_R=1 -DHAVE_LOCALTIME_R=1 -DHAVE_TM_GMTOFF=1 -DHAVE_TIMEZONE_VAR=1 -DHAVE_ST_BLKSIZE=1 -DSTDC_HEADERS=1 -DNO_UNION_WAIT=1 -DHAVE_SIGNED_CHAR=1 -DHAVE_LANGINFO=1 -DHAVE_FTS=1 -DHAVE_SYS_IOCTL_H=1 '
TCL_DL_LIBS='-ldl'
TCL_EXTRA_CFLAGS=' -pipe '
TCL_INCLUDES=''
TCL_LD_FLAGS=' -Wl,--export-dynamic'
TCL_LIBS='${DL_LIBS} ${LIBS} ${MATH_LIBS}'
TCL_LIB_FILE='libtcl8.4.so'
TCL_LIB_FLAG='-ltcl8.4'
TCL_LIB_SPEC='-L/usr/local/lib -ltcl8.4'
TCL_PATCH_LEVEL='.19'
TCL_SHLIB_LD_LIBS='${LIBS}'
TCL_SRC_DIR='/media/sherlock/DATA/海贼/haizei/tcl8.4.19'
TCL_STUB_LIB_FILE='libtclstub8.4.a'
TCL_STUB_LIB_FLAG='-ltclstub8.4'
TCL_STUB_LIB_SPEC='-L/usr/local/lib -ltclstub8.4'
TCL_THREADS='0'
TCL_TOP_DIR_NATIVE=''
TCL_VERSION='8.4'
VC_MANIFEST_EMBED_DLL=''
VC_MANIFEST_EMBED_EXE=''
ac_ct_CC='gcc'
ac_ct_RANLIB='ranlib'
bindir='${exec_prefix}/bin'
build=''
build_alias=''
build_cpu=''
build_os=''
build_vendor=''
datadir='${prefix}/share'
exec_prefix='/usr/local'
host=''
host_alias=''
host_cpu=''
host_os=''
host_vendor=''
includedir='${prefix}/include'
infodir='${prefix}/info'
libdir='${exec_prefix}/lib'
libexecdir='${exec_prefix}/libexec'
localstatedir='${prefix}/var'
mandir='${prefix}/man'
oldincludedir='/usr/include'
prefix='/usr/local'
program_transform_name='s,x,x,'
sbindir='${exec_prefix}/sbin'
sharedstatedir='${prefix}/com'
subdirs=''
sysconfdir='${prefix}/etc'
target=''
target_alias=''
target_cpu=''
target_os=''
target_vendor=''

## ----------- ##
## confdefs.h. ##
## ----------- ##

#define BUILD_expect
#define HAVE_INTTYPES_H 1
#define HAVE_LIMITS_H 1
#define HAVE_MEMORY_H 1
#define HAVE_STDINT_H 1
#define HAVE_STDLIB_H 1
#define HAVE_STRINGS_H 1
#define HAVE_STRING_H 1
#define HAVE_SYS_PARAM_H 1
#define HAVE_SYS_STAT_H 1
#define HAVE_SYS_TYPES_H 1
#define HAVE_UNISTD_H 1
#define PACKAGE_BUGREPORT ""
#define PACKAGE_NAME "expect"
#define PACKAGE_STRING "expect 5.45"
#define PACKAGE_TARNAME "expect"
#define PACKAGE_VERSION "5.45"
#define STDC_HEADERS 1

configure: exit 1
